  texture.cpp
  imgui_widgets.cpp
  imgui_impl_win32.cpp
  imgui_impl_dx9.cpp
  imgui_draw.cpp
  imgui.cpp
  HossoLibrary.cpp
  Debug_ViewerCharacter.cpp
  Debug_ModelViewer.cpp
  SceneX.cpp
  SceneBase.cpp
  Scene3D.cpp
  Scene2D.cpp
  Scene.cpp
  renderer.cpp
  Player.cpp
  pause.cpp
  mouse.cpp
  Model.cpp
  map.cpp
  コードを生成中...
  コンパイル中...
  manager.cpp
  main.cpp
  light.cpp
  item.cpp
  inputKeyboard.cpp
  heavymachinegun.cpp
  handgun.cpp
  gun.cpp
  game.cpp
  fade.cpp
  Enemy.cpp
  debugproc.cpp
  debugcollision.cpp
  collision.cpp
  Character.cpp
  camera.cpp
  bullet.cpp
  BaseMode.cpp
  3Dline.cpp
  コードを生成中...
  αMETALSLUG.vcxproj -> c:\users\game314\documents\visual studio 2015\Projects\αMETALSLUG\Debug\αMETALSLUG.exe
  αMETALSLUG.vcxproj -> c:\users\game314\documents\visual studio 2015\Projects\αMETALSLUG\Debug\αMETALSLUG.pdb (Full PDB)
